<?xml version="1.0" encoding="UTF-8"?>
<testng-results total="1" passed="1" failed="0" skipped="0">
  <reporter-output>
  </reporter-output>
  <suite started-at="2021-10-06T05:14:26Z" name="Default suite" finished-at="2021-10-06T05:14:41Z" duration-ms="14482">
    <groups>
    </groups>
    <test started-at="2021-10-06T05:14:26Z" name="Default test" finished-at="2021-10-06T05:14:41Z" duration-ms="14482">
      <class name="Yocket_University.NewProject.LogIn">
        <test-method is-config="true" signature="initializeBrowser()[pri:0, instance:Yocket_University.NewProject.LogIn@4de5031f]" started-at="2021-10-06T10:44:26Z" name="initializeBrowser" finished-at="2021-10-06T10:44:39Z" duration-ms="13127" status="PASS">
          <reporter-output>
          </reporter-output>
        </test-method> <!-- initializeBrowser -->
        <test-method signature="mainTest()[pri:0, instance:Yocket_University.NewProject.LogIn@4de5031f]" started-at="2021-10-06T10:44:39Z" name="mainTest" finished-at="2021-10-06T10:44:41Z" duration-ms="1339" status="PASS">
          <reporter-output>
          </reporter-output>
        </test-method> <!-- mainTest -->
        <test-method is-config="true" signature="closeBroswer()[pri:0, instance:Yocket_University.NewProject.LogIn@4de5031f]" started-at="2021-10-06T10:44:41Z" name="closeBroswer" finished-at="2021-10-06T10:44:41Z" duration-ms="0" status="PASS">
          <reporter-output>
          </reporter-output>
        </test-method> <!-- closeBroswer -->
      </class> <!-- Yocket_University.NewProject.LogIn -->
    </test> <!-- Default test -->
  </suite> <!-- Default suite -->
</testng-results>
